0 info it worked if it ends with ok
1 verbose cli [ '/usr/bin/node', '/usr/bin/npm', 'run', 'infra:up' ]
2 info using npm@3.5.2
3 info using node@v8.10.0
4 verbose run-script [ 'preinfra:up', 'infra:up', 'postinfra:up' ]
5 info lifecycle frontend-example@1.0.0~preinfra:up: frontend-example@1.0.0
6 silly lifecycle frontend-example@1.0.0~preinfra:up: no script for preinfra:up, continuing
7 info lifecycle frontend-example@1.0.0~infra:up: frontend-example@1.0.0
8 verbose lifecycle frontend-example@1.0.0~infra:up: unsafe-perm in lifecycle true
9 verbose lifecycle frontend-example@1.0.0~infra:up: PATH: /usr/share/npm/bin/node-gyp-bin:/home/sam/frontend-example/node_modules/.bin:/usr/local/sbin:/usr/local/bin:/usr/sbin:/usr/bin:/sbin:/bin:/snap/bin
10 verbose lifecycle frontend-example@1.0.0~infra:up: CWD: /home/sam/frontend-example
11 silly lifecycle frontend-example@1.0.0~infra:up: Args: [ '-c', 'docker-compose up -d' ]
12 info lifecycle frontend-example@1.0.0~infra:up: Failed to exec infra:up script
13 verbose stack Error: frontend-example@1.0.0 infra:up: `docker-compose up -d`
13 verbose stack spawn ENOENT
13 verbose stack     at ChildProcess.<anonymous> (/usr/share/npm/lib/utils/spawn.js:17:16)
13 verbose stack     at emitTwo (events.js:126:13)
13 verbose stack     at ChildProcess.emit (events.js:214:7)
13 verbose stack     at maybeClose (internal/child_process.js:925:16)
13 verbose stack     at Process.ChildProcess._handle.onexit (internal/child_process.js:209:5)
14 verbose pkgid frontend-example@1.0.0
15 verbose cwd /home/sam/frontend-example
16 error Linux 4.18.0-18-generic
17 error argv "/usr/bin/node" "/usr/bin/npm" "run" "infra:up"
18 error node v8.10.0
19 error npm  v3.5.2
20 error file sh
21 error code ELIFECYCLE
22 error errno ENOENT
23 error syscall spawn
24 error frontend-example@1.0.0 infra:up: `docker-compose up -d`
24 error spawn ENOENT
25 error Failed at the frontend-example@1.0.0 infra:up script 'docker-compose up -d'.
25 error Make sure you have the latest version of node.js and npm installed.
25 error If you do, this is most likely a problem with the frontend-example package,
25 error not with npm itself.
25 error Tell the author that this fails on your system:
25 error     docker-compose up -d
25 error You can get information on how to open an issue for this project with:
25 error     npm bugs frontend-example
25 error Or if that isn't available, you can get their info via:
25 error     npm owner ls frontend-example
25 error There is likely additional logging output above.
26 verbose exit [ 1, true ]
